<?xml version="1.0" encoding="UTF-8"?>
<!-- Generated by org.testng.reporters.JUnitReportReporter -->
<testsuite hostname="NICE-22L5DL3" failures="0" tests="1" name="gettingStarted.APITest" time="11.961" errors="0" timestamp="2025-05-30T16:06:36 IST" skipped="0">
  <testcase classname="gettingStarted.APITest" name="testFavoritesEndpointFromOpenAI" time="11.961"/>
</testsuite> <!-- gettingStarted.APITest -->
