<?xml version="1.0" encoding="UTF-8"?>
<!-- Generated by org.testng.reporters.JUnitReportReporter -->
<testsuite hostname="NICE-22L5DL3" failures="0" tests="2" name="AutoHeal.LoginTest" time="41.588" errors="0" timestamp="2025-05-30T15:37:01 IST" skipped="0">
  <testcase classname="AutoHeal.LoginTest" name="testLogin" time="10.142"/>
  <testcase classname="AutoHeal.LoginTest" name="test" time="31.446"/>
</testsuite> <!-- AutoHeal.LoginTest -->
