<?xml version="1.0" encoding="UTF-8"?>
<!-- Generated by org.testng.reporters.JUnitReportReporter -->
<testsuite hostname="NICE-22L5DL3" failures="0" tests="4" name="gettingStarted.TestNGTest" time="23.978" errors="0" timestamp="2025-05-29T18:02:18 IST" skipped="0">
  <testcase classname="gettingStarted.TestNGTest" name="testLoginForUserFromAI" time="5.272"/>
  <testcase classname="gettingStarted.TestNGTest" name="testSettings" time="0.002"/>
  <testcase classname="gettingStarted.TestNGTest" name="testLogin" time="18.701"/>
  <testcase classname="gettingStarted.TestNGTest" name="testLogoff" time="0.003"/>
</testsuite> <!-- gettingStarted.TestNGTest -->
